Warning[205] C:\USERS\BRUNA\DESKTOP\TI - AOC II\00 SEM¡FORO\SEM·FORO FINAL\VERS„O FINAL.ASM 1 : Found directive in column 1. (LIST)
Warning[205] C:\USERS\BRUNA\DESKTOP\TI - AOC II\00 SEM¡FORO\SEM·FORO FINAL\VERS„O FINAL.ASM 2 : Found directive in column 1. (RADIX)
Warning[205] C:\USERS\BRUNA\DESKTOP\TI - AOC II\00 SEM¡FORO\SEM·FORO FINAL\VERS„O FINAL.ASM 5 : Found directive in column 1. (__CONFIG)
Message[302] C:\USERS\BRUNA\DESKTOP\TI - AOC II\00 SEM¡FORO\SEM·FORO FINAL\VERS„O FINAL.ASM 59 : Register in operand not in bank 0.  Ensure that bank bits are correct.
Message[302] C:\USERS\BRUNA\DESKTOP\TI - AOC II\00 SEM¡FORO\SEM·FORO FINAL\VERS„O FINAL.ASM 61 : Register in operand not in bank 0.  Ensure that bank bits are correct.
Warning[207] C:\USERS\BRUNA\DESKTOP\TI - AOC II\00 SEM¡FORO\SEM·FORO FINAL\VERS„O FINAL.ASM 121 : Found label after column 1. (TESTAB)
Warning[207] C:\USERS\BRUNA\DESKTOP\TI - AOC II\00 SEM¡FORO\SEM·FORO FINAL\VERS„O FINAL.ASM 129 : Found label after column 1. (AVERDE)
Warning[207] C:\USERS\BRUNA\DESKTOP\TI - AOC II\00 SEM¡FORO\SEM·FORO FINAL\VERS„O FINAL.ASM 144 : Found label after column 1. (AAMARELO)
Warning[207] C:\USERS\BRUNA\DESKTOP\TI - AOC II\00 SEM¡FORO\SEM·FORO FINAL\VERS„O FINAL.ASM 150 : Found label after column 1. (BVERDE)
Warning[207] C:\USERS\BRUNA\DESKTOP\TI - AOC II\00 SEM¡FORO\SEM·FORO FINAL\VERS„O FINAL.ASM 165 : Found label after column 1. (BAMARELO)
Warning[207] C:\USERS\BRUNA\DESKTOP\TI - AOC II\00 SEM¡FORO\SEM·FORO FINAL\VERS„O FINAL.ASM 170 : Found label after column 1. (BVERMELHO)
Warning[207] C:\USERS\BRUNA\DESKTOP\TI - AOC II\00 SEM¡FORO\SEM·FORO FINAL\VERS„O FINAL.ASM 178 : Found label after column 1. (TESTAFLAGS1)
Message[305] C:\USERS\BRUNA\DESKTOP\TI - AOC II\00 SEM¡FORO\SEM·FORO FINAL\VERS„O FINAL.ASM 179 : Using default destination of 1 (file).
Warning[207] C:\USERS\BRUNA\DESKTOP\TI - AOC II\00 SEM¡FORO\SEM·FORO FINAL\VERS„O FINAL.ASM 183 : Found label after column 1. (TESTAFLAGS2)
Message[305] C:\USERS\BRUNA\DESKTOP\TI - AOC II\00 SEM¡FORO\SEM·FORO FINAL\VERS„O FINAL.ASM 184 : Using default destination of 1 (file).
Message[305] C:\USERS\BRUNA\DESKTOP\TI - AOC II\00 SEM¡FORO\SEM·FORO FINAL\VERS„O FINAL.ASM 242 : Using default destination of 1 (file).
Warning[203] C:\USERS\BRUNA\DESKTOP\TI - AOC II\00 SEM¡FORO\SEM·FORO FINAL\VERS„O FINAL.ASM 247 : Found opcode in column 1. (NOP)
Warning[203] C:\USERS\BRUNA\DESKTOP\TI - AOC II\00 SEM¡FORO\SEM·FORO FINAL\VERS„O FINAL.ASM 248 : Found opcode in column 1. (NOP)
Warning[203] C:\USERS\BRUNA\DESKTOP\TI - AOC II\00 SEM¡FORO\SEM·FORO FINAL\VERS„O FINAL.ASM 249 : Found opcode in column 1. (NOP)
Warning[203] C:\USERS\BRUNA\DESKTOP\TI - AOC II\00 SEM¡FORO\SEM·FORO FINAL\VERS„O FINAL.ASM 250 : Found opcode in column 1. (NOP)
Warning[203] C:\USERS\BRUNA\DESKTOP\TI - AOC II\00 SEM¡FORO\SEM·FORO FINAL\VERS„O FINAL.ASM 251 : Found opcode in column 1. (NOP)
Warning[203] C:\USERS\BRUNA\DESKTOP\TI - AOC II\00 SEM¡FORO\SEM·FORO FINAL\VERS„O FINAL.ASM 270 : Found opcode in column 1. (NOP)
Warning[203] C:\USERS\BRUNA\DESKTOP\TI - AOC II\00 SEM¡FORO\SEM·FORO FINAL\VERS„O FINAL.ASM 271 : Found opcode in column 1. (NOP)
Warning[203] C:\USERS\BRUNA\DESKTOP\TI - AOC II\00 SEM¡FORO\SEM·FORO FINAL\VERS„O FINAL.ASM 272 : Found opcode in column 1. (NOP)
Warning[203] C:\USERS\BRUNA\DESKTOP\TI - AOC II\00 SEM¡FORO\SEM·FORO FINAL\VERS„O FINAL.ASM 273 : Found opcode in column 1. (NOP)
Warning[203] C:\USERS\BRUNA\DESKTOP\TI - AOC II\00 SEM¡FORO\SEM·FORO FINAL\VERS„O FINAL.ASM 274 : Found opcode in column 1. (NOP)
Warning[203] C:\USERS\BRUNA\DESKTOP\TI - AOC II\00 SEM¡FORO\SEM·FORO FINAL\VERS„O FINAL.ASM 275 : Found opcode in column 1. (NOP)
Warning[203] C:\USERS\BRUNA\DESKTOP\TI - AOC II\00 SEM¡FORO\SEM·FORO FINAL\VERS„O FINAL.ASM 276 : Found opcode in column 1. (NOP)
Message[305] C:\USERS\BRUNA\DESKTOP\TI - AOC II\00 SEM¡FORO\SEM·FORO FINAL\VERS„O FINAL.ASM 282 : Using default destination of 1 (file).
Warning[203] C:\USERS\BRUNA\DESKTOP\TI - AOC II\00 SEM¡FORO\SEM·FORO FINAL\VERS„O FINAL.ASM 304 : Found opcode in column 1. (NOP)
Warning[203] C:\USERS\BRUNA\DESKTOP\TI - AOC II\00 SEM¡FORO\SEM·FORO FINAL\VERS„O FINAL.ASM 305 : Found opcode in column 1. (NOP)
Warning[203] C:\USERS\BRUNA\DESKTOP\TI - AOC II\00 SEM¡FORO\SEM·FORO FINAL\VERS„O FINAL.ASM 306 : Found opcode in column 1. (NOP)
Warning[203] C:\USERS\BRUNA\DESKTOP\TI - AOC II\00 SEM¡FORO\SEM·FORO FINAL\VERS„O FINAL.ASM 307 : Found opcode in column 1. (NOP)
Message[305] C:\USERS\BRUNA\DESKTOP\TI - AOC II\00 SEM¡FORO\SEM·FORO FINAL\VERS„O FINAL.ASM 311 : Using default destination of 1 (file).
Warning[203] C:\USERS\BRUNA\DESKTOP\TI - AOC II\00 SEM¡FORO\SEM·FORO FINAL\VERS„O FINAL.ASM 316 : Found opcode in column 1. (NOP)
Warning[203] C:\USERS\BRUNA\DESKTOP\TI - AOC II\00 SEM¡FORO\SEM·FORO FINAL\VERS„O FINAL.ASM 317 : Found opcode in column 1. (NOP)
Warning[203] C:\USERS\BRUNA\DESKTOP\TI - AOC II\00 SEM¡FORO\SEM·FORO FINAL\VERS„O FINAL.ASM 318 : Found opcode in column 1. (NOP)
Warning[203] C:\USERS\BRUNA\DESKTOP\TI - AOC II\00 SEM¡FORO\SEM·FORO FINAL\VERS„O FINAL.ASM 319 : Found opcode in column 1. (NOP)
Message[305] C:\USERS\BRUNA\DESKTOP\TI - AOC II\00 SEM¡FORO\SEM·FORO FINAL\VERS„O FINAL.ASM 323 : Using default destination of 1 (file).
Message[305] C:\USERS\BRUNA\DESKTOP\TI - AOC II\00 SEM¡FORO\SEM·FORO FINAL\VERS„O FINAL.ASM 328 : Using default destination of 1 (file).
